<?xml version="1.0" encoding="UTF-8"?>
<testng-results skipped="0" failed="0" ignored="0" total="1" passed="1">
  <reporter-output>
  </reporter-output>
  <suite name="Default suite" duration-ms="13770" started-at="2021-02-13T20:47:16Z" finished-at="2021-02-13T20:47:30Z">
    <groups>
    </groups>
    <test name="Default test" duration-ms="13770" started-at="2021-02-13T20:47:16Z" finished-at="2021-02-13T20:47:30Z">
      <class name="testCases.LoginPageTest">
        <test-method status="PASS" signature="setUp()[pri:0, instance:testCases.LoginPageTest@54c562f7]" name="setUp" is-config="true" duration-ms="7254" started-at="2021-02-13T20:47:16Z" finished-at="2021-02-13T20:47:23Z">
          <reporter-output>
          </reporter-output>
        </test-method> <!-- setUp -->
        <test-method status="PASS" signature="LoginTest()[pri:0, instance:testCases.LoginPageTest@54c562f7]" name="LoginTest" duration-ms="5566" started-at="2021-02-13T20:47:23Z" finished-at="2021-02-13T20:47:29Z">
          <reporter-output>
          </reporter-output>
        </test-method> <!-- LoginTest -->
        <test-method status="PASS" signature="tearDown()[pri:0, instance:testCases.LoginPageTest@54c562f7]" name="tearDown" is-config="true" duration-ms="911" started-at="2021-02-13T20:47:29Z" finished-at="2021-02-13T20:47:30Z">
          <reporter-output>
          </reporter-output>
        </test-method> <!-- tearDown -->
      </class> <!-- testCases.LoginPageTest -->
    </test> <!-- Default test -->
  </suite> <!-- Default suite -->
</testng-results>
